<?xml version="1.0" encoding="UTF-8"?>
<!-- Generated by org.testng.reporters.JUnitReportReporter -->
<testsuite name="com.testing.automation.homePage.TC001_SignUp_Validation" tests="2" time="11.493" ignored="0" failures="0" timestamp="20 Oct 2017 10:46:35 GMT" skipped="0" hostname="Home-pc" errors="0">
  <testcase name="signUp_Validation" time="4.251" classname="com.testing.automation.homePage.TC001_SignUp_Validation"/>
  <testcase name="signUp_Validation" time="7.242" classname="com.testing.automation.homePage.TC001_SignUp_Validation"/>
</testsuite> <!-- com.testing.automation.homePage.TC001_SignUp_Validation -->
